#
# A fatal error has been detected by the Java Runtime Environment:
#
#  EXCEPTION_ACCESS_VIOLATION (0xc0000005) at pc=0x58863f52, pid=3228, tid=0x00001e1c
#
# JRE version: Java(TM) SE Runtime Environment (8.0_181-b13) (build 1.8.0_181-b13)
# Java VM: Java HotSpot(TM) Client VM (25.181-b13 mixed mode windows-x86 )
# Problematic frame:
# C  [msctfuimanager.dll+0x13f52]
#
# Failed to write core dump. Minidumps are not enabled by default on client versions of Windows
#
# If you would like to submit a bug report, please visit:
#   http://bugreport.java.com/bugreport/crash.jsp
# The crash happened outside the Java Virtual Machine in native code.
# See problematic frame for where to report the bug.
#

---------------  T H R E A D  ---------------

Current thread (0x15e98400):  JavaThread "AWT-Windows" daemon [_thread_in_native, id=7708, stack(0x16400000,0x16450000)]

siginfo: ExceptionCode=0xc0000005, reading address 0x003a004f

Registers:
EAX=0x003a0043, EBX=0x18606538, ECX=0x0122a568, EDX=0x1644e144
ESP=0x1644e120, EBP=0x1644e154, ESI=0x00000000, EDI=0x0122a568
EIP=0x58863f52, EFLAGS=0x00010246

Top of Stack: (sp=0x1644e120)
0x1644e120:   0122a568 1644e144 0122a568 00000000
0x1644e130:   18606538 18631150 1644e1b0 5886def0
0x1644e140:   5886df7e 00000000 1644e1b0 4fc9711f
0x1644e150:   1644e2b8 1644e2b8 58863682 0122a568
0x1644e160:   58851090 58851260 185f51e8 58858a78
0x1644e170:   1644e100 00000000 1644e3b8 185f520c
0x1644e180:   0122a568 1644e40c 1644e3fc 00000a25
0x1644e190:   00000000 00000007 00000000 00000001 

Instructions: (pc=0x58863f52)
0x58863f32:   4d 04 56 68 38 54 85 58 e8 28 85 ff ff e9 cf 00
0x58863f42:   00 00 8b 4d 08 8d 55 f0 83 65 f0 00 52 51 8b 01
0x58863f52:   8b 70 0c 8b ce ff 15 14 89 89 58 ff d6 8b f0 85
0x58863f62:   f6 79 07 ba ab 09 00 00 eb c5 8d bb fc 00 00 00 


Register to memory mapping:

EAX=0x003a0043 is an unknown value
EBX=0x18606538 is an unknown value
ECX=0x0122a568 is an unknown value
EDX=0x1644e144 is pointing into the stack for thread: 0x15e98400
ESP=0x1644e120 is pointing into the stack for thread: 0x15e98400
EBP=0x1644e154 is pointing into the stack for thread: 0x15e98400
ESI=0x00000000 is an unknown value
EDI=0x0122a568 is an unknown value


Stack: [0x16400000,0x16450000],  sp=0x1644e120,  free space=312k
Native frames: (J=compiled Java code, j=interpreted, Vv=VM code, C=native code)
C  [msctfuimanager.dll+0x13f52]
C  [msctfuimanager.dll+0x13682]
C  [msctfuimanager.dll+0x143b4]
C  [msctfuimanager.dll+0xe05f]
C  [MSCTF.dll+0xb344f]
C  [MSCTF.dll+0xae4f4]
C  [MSCTF.dll+0xb190c]
C  [MSCTF.dll+0x9ceec]
C  [MSCTF.dll+0x6f933]
C  [MSCTF.dll+0x9d70b]
C  [MSCTF.dll+0xb213c]
C  [MSCTF.dll+0xae3e2]
C  [MSCTF.dll+0x1c964]
C  [MSCTF.dll+0x1b30e]
C  [MSCTF.dll+0x5d1ad]
C  [MSCTF.dll+0x16b93]
C  [MSCTF.dll+0x181c0]
C  [MSCTF.dll+0x1bc0e]
C  [MSCTF.dll+0x1cc27]
C  [MSCTF.dll+0xb532e]
C  [MSCTF.dll+0xb1850]
C  [MSCTF.dll+0x9ceec]
C  [MSCTF.dll+0x6f962]
C  [MSCTF.dll+0x7a640]
C  [USER32.dll+0x3bf1b]
C  [USER32.dll+0x383ea]
C  [USER32.dll+0x37c9e]
C  [USER32.dll+0x37a80]
C  [awt.dll+0xa71f4]

Java frames: (J=compiled Java code, j=interpreted, Vv=VM code)
j  sun.awt.windows.WToolkit.eventLoop()V+0
j  sun.awt.windows.WToolkit.run()V+58
j  java.lang.Thread.run()V+11
v  ~StubRoutines::call_stub

---------------  P R O C E S S  ---------------

Java Threads: ( => current thread )
  0x17304000 JavaThread "TimerQueue" daemon [_thread_blocked, id=8600, stack(0x189a0000,0x189f0000)]
  0x0302d000 JavaThread "DestroyJavaVM" [_thread_blocked, id=16604, stack(0x010d0000,0x01120000)]
  0x15e9b800 JavaThread "AWT-EventQueue-0" [_thread_in_native, id=13620, stack(0x165a0000,0x165f0000)]
=>0x15e98400 JavaThread "AWT-Windows" daemon [_thread_in_native, id=7708, stack(0x16400000,0x16450000)]
  0x15e95800 JavaThread "AWT-Shutdown" [_thread_blocked, id=4500, stack(0x16370000,0x163c0000)]
  0x15e94c00 JavaThread "Java2D Disposer" daemon [_thread_blocked, id=17164, stack(0x162e0000,0x16330000)]
  0x156e3c00 JavaThread "Service Thread" daemon [_thread_blocked, id=11280, stack(0x15a50000,0x15aa0000)]
  0x15692400 JavaThread "C1 CompilerThread0" daemon [_thread_blocked, id=17216, stack(0x159c0000,0x15a10000)]
  0x15691000 JavaThread "Attach Listener" daemon [_thread_blocked, id=14000, stack(0x15930000,0x15980000)]
  0x156c1800 JavaThread "Signal Dispatcher" daemon [_thread_blocked, id=15072, stack(0x158a0000,0x158f0000)]
  0x1567ac00 JavaThread "Finalizer" daemon [_thread_blocked, id=13344, stack(0x05150000,0x051a0000)]
  0x15665000 JavaThread "Reference Handler" daemon [_thread_blocked, id=17128, stack(0x050c0000,0x05110000)]

Other Threads:
  0x02f3e400 VMThread [stack: 0x05030000,0x05080000] [id=13564]
  0x156ef800 WatcherThread [stack: 0x15ae0000,0x15b30000] [id=8900]

VM state:not at safepoint (normal execution)

VM Mutex/Monitor currently owned by a thread: None

Heap:
 def new generation   total 78656K, used 22749K [0x05200000, 0x0a750000, 0x0a750000)
  eden space 69952K,  25% used [0x05200000, 0x0635eea0, 0x09650000)
  from space 8704K,  57% used [0x09650000, 0x09b28798, 0x09ed0000)
  to   space 8704K,   0% used [0x09ed0000, 0x09ed0000, 0x0a750000)
 tenured generation   total 174784K, used 115370K [0x0a750000, 0x15200000, 0x15200000)
   the space 174784K,  66% used [0x0a750000, 0x117fa928, 0x117faa00, 0x15200000)
 Metaspace       used 24839K, capacity 25855K, committed 25984K, reserved 25984K

Card table byte_map: [0x02f40000,0x02fd0000] byte_map_base: 0x02f17000

Polling page: 0x010b0000

CodeCache: size=32768Kb used=6564Kb max_used=6700Kb free=26203Kb
 bounds [0x03030000, 0x036c8000, 0x05030000]
 total_blobs=3222 nmethods=2931 adapters=220
 compilation: enabled

Compilation events (10 events):
Event: 20.471 Thread 0x15692400 4015             java.util.ArrayList$Itr::checkForComodification (23 bytes)
Event: 20.472 Thread 0x15692400 nmethod 4015 0x031c92c8 code [0x031c93d0, 0x031c94dc]
Event: 20.475 Thread 0x15692400 4016             java.util.Locale::getDefault (4 bytes)
Event: 20.475 Thread 0x15692400 nmethod 4016 0x03293b08 code [0x03293c00, 0x03293c80]
Event: 20.475 Thread 0x15692400 4017             java.lang.String::toLowerCase (8 bytes)
Event: 20.475 Thread 0x15692400 nmethod 4017 0x031c90c8 code [0x031c91d0, 0x031c926c]
Event: 20.484 Thread 0x15692400 4018             sun.java2d.pipe.AlphaColorPipe::needTile (2 bytes)
Event: 20.484 Thread 0x15692400 nmethod 4018 0x032c2208 code [0x032c2300, 0x032c2380]
Event: 20.484 Thread 0x15692400 4019             sun.java2d.pipe.AlphaColorPipe::renderPathTile (39 bytes)
Event: 20.484 Thread 0x15692400 nmethod 4019 0x032cf948 code [0x032cfa50, 0x032cfb5c]

GC Heap History (10 events):
Event: 16.567 GC heap before
{Heap before GC invocations=257 (full 8):
 def new generation   total 78656K, used 70058K [0x05200000, 0x0a750000, 0x0a750000)
  eden space 69952K, 100% used [0x05200000, 0x09650000, 0x09650000)
  from space 8704K,   1% used [0x09ed0000, 0x09eea8f8, 0x0a750000)
  to   space 8704K,   0% used [0x09650000, 0x09650000, 0x09ed0000)
 tenured generation   total 174784K, used 115271K [0x0a750000, 0x15200000, 0x15200000)
   the space 174784K,  65% used [0x0a750000, 0x117e1d10, 0x117e1e00, 0x15200000)
 Metaspace       used 24364K, capacity 25343K, committed 25472K, reserved 25984K
Event: 16.568 GC heap after
Heap after GC invocations=258 (full 8):
 def new generation   total 78656K, used 106K [0x05200000, 0x0a750000, 0x0a750000)
  eden space 69952K,   0% used [0x05200000, 0x05200000, 0x09650000)
  from space 8704K,   1% used [0x09650000, 0x0966aa08, 0x09ed0000)
  to   space 8704K,   0% used [0x09ed0000, 0x09ed0000, 0x0a750000)
 tenured generation   total 174784K, used 115271K [0x0a750000, 0x15200000, 0x15200000)
   the space 174784K,  65% used [0x0a750000, 0x117e1d10, 0x117e1e00, 0x15200000)
 Metaspace       used 24364K, capacity 25343K, committed 25472K, reserved 25984K
}
Event: 16.661 GC heap before
{Heap before GC invocations=258 (full 8):
 def new generation   total 78656K, used 70058K [0x05200000, 0x0a750000, 0x0a750000)
  eden space 69952K, 100% used [0x05200000, 0x09650000, 0x09650000)
  from space 8704K,   1% used [0x09650000, 0x0966aa08, 0x09ed0000)
  to   space 8704K,   0% used [0x09ed0000, 0x09ed0000, 0x0a750000)
 tenured generation   total 174784K, used 115271K [0x0a750000, 0x15200000, 0x15200000)
   the space 174784K,  65% used [0x0a750000, 0x117e1d10, 0x117e1e00, 0x15200000)
 Metaspace       used 24364K, capacity 25343K, committed 25472K, reserved 25984K
Event: 16.663 GC heap after
Heap after GC invocations=259 (full 8):
 def new generation   total 78656K, used 8K [0x05200000, 0x0a750000, 0x0a750000)
  eden space 69952K,   0% used [0x05200000, 0x05200000, 0x09650000)
  from space 8704K,   0% used [0x09ed0000, 0x09ed2270, 0x0a750000)
  to   space 8704K,   0% used [0x09650000, 0x09650000, 0x09ed0000)
 tenured generation   total 174784K, used 115369K [0x0a750000, 0x15200000, 0x15200000)
   the space 174784K,  66% used [0x0a750000, 0x117fa550, 0x117fa600, 0x15200000)
 Metaspace       used 24364K, capacity 25343K, committed 25472K, reserved 25984K
}
Event: 16.750 GC heap before
{Heap before GC invocations=259 (full 8):
 def new generation   total 78656K, used 69960K [0x05200000, 0x0a750000, 0x0a750000)
  eden space 69952K, 100% used [0x05200000, 0x09650000, 0x09650000)
  from space 8704K,   0% used [0x09ed0000, 0x09ed2270, 0x0a750000)
  to   space 8704K,   0% used [0x09650000, 0x09650000, 0x09ed0000)
 tenured generation   total 174784K, used 115369K [0x0a750000, 0x15200000, 0x15200000)
   the space 174784K,  66% used [0x0a750000, 0x117fa550, 0x117fa600, 0x15200000)
 Metaspace       used 24364K, capacity 25343K, committed 25472K, reserved 25984K
Event: 16.751 GC heap after
Heap after GC invocations=260 (full 8):
 def new generation   total 78656K, used 10K [0x05200000, 0x0a750000, 0x0a750000)
  eden space 69952K,   0% used [0x05200000, 0x05200000, 0x09650000)
  from space 8704K,   0% used [0x09650000, 0x09652820, 0x09ed0000)
  to   space 8704K,   0% used [0x09ed0000, 0x09ed0000, 0x0a750000)
 tenured generation   total 174784K, used 115369K [0x0a750000, 0x15200000, 0x15200000)
   the space 174784K,  66% used [0x0a750000, 0x117fa7a8, 0x117fa800, 0x15200000)
 Metaspace       used 24364K, capacity 25343K, committed 25472K, reserved 25984K
}
Event: 16.888 GC heap before
{Heap before GC invocations=260 (full 8):
 def new generation   total 78656K, used 69962K [0x05200000, 0x0a750000, 0x0a750000)
  eden space 69952K, 100% used [0x05200000, 0x09650000, 0x09650000)
  from space 8704K,   0% used [0x09650000, 0x09652820, 0x09ed0000)
  to   space 8704K,   0% used [0x09ed0000, 0x09ed0000, 0x0a750000)
 tenured generation   total 174784K, used 115369K [0x0a750000, 0x15200000, 0x15200000)
   the space 174784K,  66% used [0x0a750000, 0x117fa7a8, 0x117fa800, 0x15200000)
 Metaspace       used 24364K, capacity 25343K, committed 25472K, reserved 25984K
Event: 16.892 GC heap after
Heap after GC invocations=261 (full 8):
 def new generation   total 78656K, used 338K [0x05200000, 0x0a750000, 0x0a750000)
  eden space 69952K,   0% used [0x05200000, 0x05200000, 0x09650000)
  from space 8704K,   3% used [0x09ed0000, 0x09f24ae0, 0x0a750000)
  to   space 8704K,   0% used [0x09650000, 0x09650000, 0x09ed0000)
 tenured generation   total 174784K, used 115370K [0x0a750000, 0x15200000, 0x15200000)
   the space 174784K,  66% used [0x0a750000, 0x117fa8a8, 0x117faa00, 0x15200000)
 Metaspace       used 24364K, capacity 25343K, committed 25472K, reserved 25984K
}
Event: 17.281 GC heap before
{Heap before GC invocations=261 (full 8):
 def new generation   total 78656K, used 70290K [0x05200000, 0x0a750000, 0x0a750000)
  eden space 69952K, 100% used [0x05200000, 0x09650000, 0x09650000)
  from space 8704K,   3% used [0x09ed0000, 0x09f24ae0, 0x0a750000)
  to   space 8704K,   0% used [0x09650000, 0x09650000, 0x09ed0000)
 tenured generation   total 174784K, used 115370K [0x0a750000, 0x15200000, 0x15200000)
   the space 174784K,  66% used [0x0a750000, 0x117fa8a8, 0x117faa00, 0x15200000)
 Metaspace       used 24548K, capacity 25567K, committed 25728K, reserved 25984K
Event: 17.287 GC heap after
Heap after GC invocations=262 (full 8):
 def new generation   total 78656K, used 4961K [0x05200000, 0x0a750000, 0x0a750000)
  eden space 69952K,   0% used [0x05200000, 0x05200000, 0x09650000)
  from space 8704K,  57% used [0x09650000, 0x09b28798, 0x09ed0000)
  to   space 8704K,   0% used [0x09ed0000, 0x09ed0000, 0x0a750000)
 tenured generation   total 174784K, used 115370K [0x0a750000, 0x15200000, 0x15200000)
   the space 174784K,  66% used [0x0a750000, 0x117fa928, 0x117faa00, 0x15200000)
 Metaspace       used 24548K, capacity 25567K, committed 25728K, reserved 25984K
}

Deoptimization events (0 events):
No events

Classes redefined (0 events):
No events

Internal exceptions (10 events):
Event: 16.962 Thread 0x15e9b800 Exception <a 'java/lang/NullPointerException'> (0x073edba8) thrown at [C:\workspace\8-2-build-windows-i586-cygwin\jdk8u181\11358\hotspot\src\share\vm\interpreter\linkResolver.cpp, line 1185]
Event: 16.964 Thread 0x15e9b800 Exception <a 'java/lang/NullPointerException'> (0x075184b0) thrown at [C:\workspace\8-2-build-windows-i586-cygwin\jdk8u181\11358\hotspot\src\share\vm\interpreter\linkResolver.cpp, line 1185]
Event: 16.973 Thread 0x15e9b800 Exception <a 'java/lang/NullPointerException'> (0x078e4330) thrown at [C:\workspace\8-2-build-windows-i586-cygwin\jdk8u181\11358\hotspot\src\share\vm\interpreter\linkResolver.cpp, line 1185]
Event: 16.990 Thread 0x15e9b800 Exception <a 'java/lang/NullPointerException'> (0x07fc9398) thrown at [C:\workspace\8-2-build-windows-i586-cygwin\jdk8u181\11358\hotspot\src\share\vm\interpreter\linkResolver.cpp, line 1185]
Event: 16.991 Thread 0x15e9b800 Exception <a 'java/lang/NullPointerException'> (0x08036340) thrown at [C:\workspace\8-2-build-windows-i586-cygwin\jdk8u181\11358\hotspot\src\share\vm\interpreter\linkResolver.cpp, line 1185]
Event: 16.992 Thread 0x15e9b800 Exception <a 'java/lang/NullPointerException'> (0x080b96e8) thrown at [C:\workspace\8-2-build-windows-i586-cygwin\jdk8u181\11358\hotspot\src\share\vm\interpreter\linkResolver.cpp, line 1185]
Event: 16.994 Thread 0x15e9b800 Exception <a 'java/lang/NullPointerException'> (0x081a0038) thrown at [C:\workspace\8-2-build-windows-i586-cygwin\jdk8u181\11358\hotspot\src\share\vm\interpreter\linkResolver.cpp, line 1185]
Event: 17.006 Thread 0x15e9b800 Exception <a 'java/lang/NullPointerException'> (0x086ba138) thrown at [C:\workspace\8-2-build-windows-i586-cygwin\jdk8u181\11358\hotspot\src\share\vm\interpreter\linkResolver.cpp, line 1185]
Event: 17.012 Thread 0x15e9b800 Exception <a 'java/lang/NullPointerException'> (0x08987160) thrown at [C:\workspace\8-2-build-windows-i586-cygwin\jdk8u181\11358\hotspot\src\share\vm\interpreter\linkResolver.cpp, line 1185]
Event: 17.012 Thread 0x15e9b800 Exception <a 'java/lang/NullPointerException'> (0x08987760) thrown at [C:\workspace\8-2-build-windows-i586-cygwin\jdk8u181\11358\hotspot\src\share\vm\interpreter\linkResolver.cpp, line 1185]

Events (10 events):
Event: 20.468 loading class sun/font/ScriptRunData
Event: 20.468 loading class sun/font/ScriptRunData done
Event: 20.468 loading class sun/font/GlyphLayout$EngineRecord
Event: 20.468 loading class sun/font/GlyphLayout$EngineRecord done
Event: 20.468 loading class sun/font/GlyphLayout$LayoutEngineKey
Event: 20.468 loading class sun/font/GlyphLayout$LayoutEngineKey done
Event: 20.469 loading class java/awt/font/TextLine$TextLineMetrics
Event: 20.469 loading class java/awt/font/TextLine$TextLineMetrics done
Event: 20.474 loading class javax/swing/plaf/basic/BasicPopupMenuUI$MouseGrabber$2
Event: 20.475 loading class javax/swing/plaf/basic/BasicPopupMenuUI$MouseGrabber$2 done


Dynamic libraries:
0x003e0000 - 0x00413000 	C:\Program Files (x86)\Java\jre1.8.0_181\bin\javaw.exe
0x77550000 - 0x776e0000 	C:\WINDOWS\SYSTEM32\ntdll.dll
0x73ec0000 - 0x73fa0000 	C:\WINDOWS\System32\KERNEL32.DLL
0x75a50000 - 0x75c34000 	C:\WINDOWS\System32\KERNELBASE.dll
0x75eb0000 - 0x75f28000 	C:\WINDOWS\System32\ADVAPI32.dll
0x741a0000 - 0x7425f000 	C:\WINDOWS\System32\msvcrt.dll
0x75f30000 - 0x75f74000 	C:\WINDOWS\System32\sechost.dll
0x75c80000 - 0x75d40000 	C:\WINDOWS\System32\RPCRT4.dll
0x73e10000 - 0x73e30000 	C:\WINDOWS\System32\SspiCli.dll
0x73e00000 - 0x73e0a000 	C:\WINDOWS\System32\CRYPTBASE.dll
0x752f0000 - 0x75348000 	C:\WINDOWS\System32\bcryptPrimitives.dll
0x73fa0000 - 0x7412d000 	C:\WINDOWS\System32\USER32.dll
0x75f80000 - 0x75f97000 	C:\WINDOWS\System32\win32u.dll
0x75d50000 - 0x75d72000 	C:\WINDOWS\System32\GDI32.dll
0x75110000 - 0x75274000 	C:\WINDOWS\System32\gdi32full.dll
0x753e0000 - 0x7545d000 	C:\WINDOWS\System32\msvcp_win.dll
0x75750000 - 0x7586e000 	C:\WINDOWS\System32\ucrtbase.dll
0x734c0000 - 0x736c4000 	C:\WINDOWS\WinSxS\x86_microsoft.windows.common-controls_6595b64144ccf1df_6.0.17134.590_none_42ead2d644e6098e\COMCTL32.dll
0x742c0000 - 0x7451c000 	C:\WINDOWS\System32\combase.dll
0x74290000 - 0x742b6000 	C:\WINDOWS\System32\IMM32.DLL
0x69f50000 - 0x6a00f000 	C:\Program Files (x86)\Java\jre1.8.0_181\bin\msvcr100.dll
0x663e0000 - 0x667b3000 	C:\Program Files (x86)\Java\jre1.8.0_181\bin\client\jvm.dll
0x75460000 - 0x75466000 	C:\WINDOWS\System32\PSAPI.DLL
0x71220000 - 0x71244000 	C:\WINDOWS\SYSTEM32\WINMM.dll
0x73380000 - 0x73388000 	C:\WINDOWS\SYSTEM32\VERSION.dll
0x734b0000 - 0x734b8000 	C:\WINDOWS\SYSTEM32\WSOCK32.dll
0x759e0000 - 0x75a47000 	C:\WINDOWS\System32\WS2_32.dll
0x71080000 - 0x710a3000 	C:\WINDOWS\SYSTEM32\winmmbase.dll
0x75c40000 - 0x75c79000 	C:\WINDOWS\System32\cfgmgr32.dll
0x6c370000 - 0x6c37c000 	C:\Program Files (x86)\Java\jre1.8.0_181\bin\verify.dll
0x6a0a0000 - 0x6a0c2000 	C:\Program Files (x86)\Java\jre1.8.0_181\bin\java.dll
0x6ac60000 - 0x6ac74000 	C:\Program Files (x86)\Java\jre1.8.0_181\bin\zip.dll
0x760f0000 - 0x7743a000 	C:\WINDOWS\System32\SHELL32.dll
0x75350000 - 0x753d8000 	C:\WINDOWS\System32\shcore.dll
0x74b00000 - 0x750ba000 	C:\WINDOWS\System32\windows.storage.dll
0x750c0000 - 0x75105000 	C:\WINDOWS\System32\shlwapi.dll
0x74130000 - 0x7413f000 	C:\WINDOWS\System32\kernel.appcore.dll
0x77440000 - 0x77458000 	C:\WINDOWS\System32\profapi.dll
0x74520000 - 0x74565000 	C:\WINDOWS\System32\powrprof.dll
0x75d40000 - 0x75d48000 	C:\WINDOWS\System32\FLTLIB.DLL
0x6a080000 - 0x6a095000 	C:\Program Files (x86)\Java\jre1.8.0_181\bin\net.dll
0x71160000 - 0x711b6000 	C:\WINDOWS\system32\mswsock.dll
0x70cd0000 - 0x70d5e000 	C:\WINDOWS\SYSTEM32\DNSAPI.dll
0x74af0000 - 0x74af7000 	C:\WINDOWS\System32\NSI.dll
0x738e0000 - 0x73910000 	C:\WINDOWS\SYSTEM32\IPHLPAPI.DLL
0x70b70000 - 0x70b78000 	C:\Program Files (x86)\National Instruments\Shared\mDNS Responder\nimdnsNSP.dll
0x6a060000 - 0x6a074000 	C:\Program Files (x86)\Java\jre1.8.0_181\bin\VCRUNTIME140.dll
0x6f7c0000 - 0x6f7cd000 	C:\WINDOWS\SYSTEM32\nimdnsResponder.dll
0x6f670000 - 0x6f678000 	C:\Windows\System32\rasadhlp.dll
0x6a050000 - 0x6a05a000 	C:\Program Files (x86)\Java\jre1.8.0_181\bin\management.dll
0x66290000 - 0x663d7000 	C:\Program Files (x86)\Java\jre1.8.0_181\bin\awt.dll
0x75d80000 - 0x75e16000 	C:\WINDOWS\System32\OLEAUT32.dll
0x73840000 - 0x738dd000 	C:\WINDOWS\SYSTEM32\apphelp.dll
0x6a0d0000 - 0x6a14c000 	C:\WINDOWS\system32\uxtheme.dll
0x74570000 - 0x746b3000 	C:\WINDOWS\System32\MSCTF.dll
0x6ac80000 - 0x6aca3000 	C:\WINDOWS\system32\dwmapi.dll
0x75ff0000 - 0x760ec000 	C:\WINDOWS\System32\ole32.dll
0x62bf0000 - 0x62cc9000 	C:\WINDOWS\system32\opengl32.dll
0x69f00000 - 0x69f3f000 	C:\WINDOWS\SYSTEM32\GLU32.dll
0x71040000 - 0x71053000 	C:\WINDOWS\SYSTEM32\CRYPTSP.dll
0x71000000 - 0x7102f000 	C:\WINDOWS\system32\rsaenh.dll
0x733c0000 - 0x733d9000 	C:\WINDOWS\SYSTEM32\bcrypt.dll
0x73390000 - 0x733b1000 	C:\WINDOWS\SYSTEM32\USERENV.dll
0x6efb0000 - 0x6efc3000 	C:\WINDOWS\SYSTEM32\dhcpcsvc6.DLL
0x71100000 - 0x71114000 	C:\WINDOWS\SYSTEM32\dhcpcsvc.DLL
0x6a040000 - 0x6a04f000 	C:\Program Files (x86)\Java\jre1.8.0_181\bin\nio.dll
0x70dd0000 - 0x70de1000 	C:\WINDOWS\system32\napinsp.dll
0x70d80000 - 0x70d96000 	C:\WINDOWS\system32\pnrpnsp.dll
0x70d60000 - 0x70d73000 	C:\WINDOWS\system32\NLAapi.dll
0x70b80000 - 0x70b8c000 	C:\WINDOWS\System32\winrnr.dll
0x6f610000 - 0x6f65f000 	C:\WINDOWS\System32\fwpuclnt.dll
0x69b50000 - 0x69b89000 	C:\Program Files (x86)\Java\jre1.8.0_181\bin\fontmanager.dll
0x68ec0000 - 0x68ef2000 	C:\Program Files (x86)\Java\jre1.8.0_181\bin\t2k.dll
0x685b0000 - 0x685d6000 	C:\Program Files (x86)\Java\jre1.8.0_181\bin\jpeg.dll
0x75e20000 - 0x75ea3000 	C:\WINDOWS\System32\clbcatq.dll
0x69040000 - 0x691b1000 	C:\WINDOWS\SYSTEM32\WindowsCodecs.dll
0x67e40000 - 0x67e8f000 	C:\WINDOWS\system32\dataexchange.dll
0x67aa0000 - 0x67bdc000 	C:\WINDOWS\system32\dcomp.dll
0x67be0000 - 0x67e32000 	C:\WINDOWS\system32\d3d11.dll
0x67a00000 - 0x67a98000 	C:\WINDOWS\system32\dxgi.dll
0x67890000 - 0x679f5000 	C:\WINDOWS\system32\twinapi.appcore.dll
0x67860000 - 0x67881000 	C:\WINDOWS\system32\RMCLIENT.dll
0x69ce0000 - 0x69d5d000 	C:\WINDOWS\System32\TextInputFramework.dll
0x69c50000 - 0x69cdb000 	C:\WINDOWS\System32\CoreMessaging.dll
0x67230000 - 0x6748d000 	C:\WINDOWS\System32\CoreUIComponents.dll
0x70da0000 - 0x70dc9000 	C:\WINDOWS\SYSTEM32\ntmarta.dll
0x69950000 - 0x69a26000 	C:\WINDOWS\SYSTEM32\wintypes.dll
0x66260000 - 0x66284000 	C:\Program Files (x86)\Java\jre1.8.0_181\bin\dcpr.dll
0x58850000 - 0x5892f000 	C:\WINDOWS\system32\msctfuimanager.dll
0x52480000 - 0x525eb000 	C:\WINDOWS\system32\DUI70.dll
0x587d0000 - 0x5884b000 	C:\WINDOWS\system32\DUser.dll
0x6a170000 - 0x6a30f000 	C:\WINDOWS\SYSTEM32\UIAutomationCore.dll
0x586a0000 - 0x58726000 	C:\WINDOWS\SYSTEM32\sxs.dll
0x58780000 - 0x587c1000 	C:\WINDOWS\System32\UIAnimation.dll
0x67490000 - 0x674e6000 	C:\Windows\System32\oleacc.dll
0x667c0000 - 0x66a48000 	C:\WINDOWS\system32\dwrite.dll
0x65c50000 - 0x65cce000 	C:\WINDOWS\system32\directmanipulation.dll
0x65cd0000 - 0x66256000 	C:\WINDOWS\SYSTEM32\D3D10Warp.dll
0x70df0000 - 0x70f72000 	C:\WINDOWS\SYSTEM32\dbghelp.dll

VM Arguments:
java_command: com.st.microxplorer.maingui.STM32CubeMX A:\Project\Robomaster 2019Èü¼¾\1.Code\RM_Infantry\RM_frame.ioc
java_class_path (initial): C:\Program Files (x86)\STMicroelectronics\STM32Cube\STM32CubeMX\STM32CubeMX.exe;anything
Launcher Type: SUN_STANDARD

Environment Variables:
PATH=C:\Program Files (x86)\STMicroelectronics\STM32Cube\STM32CubeMX\;C:\Program Files (x86)\Common Files\Oracle\Java\javapath;C:\Program Files (x86)\NVIDIA Corporation\PhysX\Common;C:\ProgramData\Oracle\Java\javapath;C:\WINDOWS\system32;C:\WINDOWS;C:\WINDOWS\System32\Wbem;C:\WINDOWS\System32\WindowsPowerShell\v1.0\;C:\ProgramData\Anaconda3\Scripts;C:\Program Files\Git\cmd;C:\texlive\2017\bin\win32;C:\Program Files\Microsoft SQL Server\Client SDK\ODBC\110\Tools\Binn\;C:\Program Files (x86)\Microsoft SQL Server\120\Tools\Binn\;C:\Program Files\Microsoft SQL Server\120\Tools\Binn\;C:\Program Files\Microsoft SQL Server\120\DTS\Binn\;C:\Program Files (x86)\Windows Kits\8.1\Windows Performance Toolkit\;C:\Program Files\dotnet\;C:\opencv\build\x64\vc15\bin;%MinGW%\bin;C:\MinGW\bin;C:\cygwin64\bin;C:\WINDOWS\System32\OpenSSH\;C:\Program Files\IVI Foundation\VISA\Win64\Bin\;C:\Program Files (x86)\IVI Foundation\VISA\WinNT\Bin\;C:\Program Files (x86)\IVI Foundation\VISA\WinNT\Bin;C:\Program Files\MATLAB\R2018a\runtime\win64;C:\Program Files\MATLAB\R2018a\bin;C:\Program Files\Microsoft VS Code\bin;C:\Users\jianx\AppData\Local\Microsoft\WindowsApps;C:\Program Files\Microsoft VS Code\bin;C:\cygwin64\bin;C:\Users\jianx\AppData\Local\GitHubDesktop\bin;C:\Program Files (x86)\Java\jre1.8.0_181\bin
USERNAME=jianx
OS=Windows_NT
PROCESSOR_IDENTIFIER=Intel64 Family 6 Model 78 Stepping 3, GenuineIntel



---------------  S Y S T E M  ---------------

OS: Windows 10.0 , 64 bit Build 17134 (10.0.17134.556)

CPU:total 4 (initial active 4) (2 cores per cpu, 2 threads per core) family 6 model 78 stepping 3, cmov, cx8, fxsr, mmx, sse, sse2, sse3, ssse3, sse4.1, sse4.2, popcnt, avx, avx2, aes, clmul, erms, 3dnowpref, lzcnt, ht, tsc, tscinvbit, bmi1, bmi2, adx

Memory: 4k page, physical 9896032k(5112484k free), swap 13303904k(6698444k free)

vm_info: Java HotSpot(TM) Client VM (25.181-b13) for windows-x86 JRE (1.8.0_181-b13), built on Jul  7 2018 03:18:20 by "java_re" with MS VC++ 10.0 (VS2010)

time: Wed Mar 13 20:08:26 2019
elapsed time: 20 seconds (0d 0h 0m 20s)

